Analysis & Synthesis report for de0_cv
Wed Sep 23 12:08:06 2020
Quartus Prime Version 17.1.0 Build 590 10/25/2017 SJ Lite Edition


---------------------
; Table of Contents ;
---------------------
  1. Legal Notice
  2. Analysis & Synthesis Summary
  3. Analysis & Synthesis Settings
  4. Parallel Compilation
  5. Analysis & Synthesis Messages



----------------
; Legal Notice ;
----------------
Copyright (C) 2017  Intel Corporation. All rights reserved.
Your use of Intel Corporation's design tools, logic functions 
and other software and tools, and its AMPP partner logic 
functions, and any output files from any of the foregoing 
(including device programming or simulation files), and any 
associated documentation or information are expressly subject 
to the terms and conditions of the Intel Program License 
Subscription Agreement, the Intel Quartus Prime License Agreement,
the Intel FPGA IP License Agreement, or other applicable license
agreement, including, without limitation, that your use is for
the sole purpose of programming logic devices manufactured by
Intel and sold by Intel or its authorized distributors.  Please
refer to the applicable agreement for further details.



+---------------------------------------------------------------------------+
; Analysis & Synthesis Summary                                              ;
+-----------------------------+---------------------------------------------+
; Analysis & Synthesis Status ; Failed - Wed Sep 23 12:08:06 2020           ;
; Quartus Prime Version       ; 17.1.0 Build 590 10/25/2017 SJ Lite Edition ;
; Revision Name               ; de0_cv                                      ;
; Top-level Entity Name       ; de0_cv                                      ;
; Family                      ; Cyclone V                                   ;
; Logic utilization (in ALMs) ; N/A until Partition Merge                   ;
; Total registers             ; N/A until Partition Merge                   ;
; Total pins                  ; N/A until Partition Merge                   ;
; Total virtual pins          ; N/A until Partition Merge                   ;
; Total block memory bits     ; N/A until Partition Merge                   ;
; Total PLLs                  ; N/A until Partition Merge                   ;
; Total DLLs                  ; N/A until Partition Merge                   ;
+-----------------------------+---------------------------------------------+


+---------------------------------------------------------------------------------------------------------------------------+
; Analysis & Synthesis Settings                                                                                             ;
+---------------------------------------------------------------------------------+--------------------+--------------------+
; Option                                                                          ; Setting            ; Default Value      ;
+---------------------------------------------------------------------------------+--------------------+--------------------+
; Device                                                                          ; 5CEBA4F23C7        ;                    ;
; Top-level entity name                                                           ; de0_cv             ; de0_cv             ;
; Family name                                                                     ; Cyclone V          ; Cyclone V          ;
; Use smart compilation                                                           ; Off                ; Off                ;
; Enable parallel Assembler and TimeQuest Timing Analyzer during compilation      ; On                 ; On                 ;
; Enable compact report table                                                     ; Off                ; Off                ;
; Restructure Multiplexers                                                        ; Auto               ; Auto               ;
; MLAB Add Timing Constraints For Mixed-Port Feed-Through Mode Setting Don't Care ; Off                ; Off                ;
; Create Debugging Nodes for IP Cores                                             ; Off                ; Off                ;
; Preserve fewer node names                                                       ; On                 ; On                 ;
; Intel FPGA IP Evaluation Mode                                                   ; Enable             ; Enable             ;
; Verilog Version                                                                 ; Verilog_2001       ; Verilog_2001       ;
; VHDL Version                                                                    ; VHDL_1993          ; VHDL_1993          ;
; State Machine Processing                                                        ; Auto               ; Auto               ;
; Safe State Machine                                                              ; Off                ; Off                ;
; Extract Verilog State Machines                                                  ; On                 ; On                 ;
; Extract VHDL State Machines                                                     ; On                 ; On                 ;
; Ignore Verilog initial constructs                                               ; Off                ; Off                ;
; Iteration limit for constant Verilog loops                                      ; 5000               ; 5000               ;
; Iteration limit for non-constant Verilog loops                                  ; 250                ; 250                ;
; Add Pass-Through Logic to Inferred RAMs                                         ; On                 ; On                 ;
; Infer RAMs from Raw Logic                                                       ; On                 ; On                 ;
; Parallel Synthesis                                                              ; On                 ; On                 ;
; DSP Block Balancing                                                             ; Auto               ; Auto               ;
; NOT Gate Push-Back                                                              ; On                 ; On                 ;
; Power-Up Don't Care                                                             ; On                 ; On                 ;
; Remove Redundant Logic Cells                                                    ; Off                ; Off                ;
; Remove Duplicate Registers                                                      ; On                 ; On                 ;
; Ignore CARRY Buffers                                                            ; Off                ; Off                ;
; Ignore CASCADE Buffers                                                          ; Off                ; Off                ;
; Ignore GLOBAL Buffers                                                           ; Off                ; Off                ;
; Ignore ROW GLOBAL Buffers                                                       ; Off                ; Off                ;
; Ignore LCELL Buffers                                                            ; Off                ; Off                ;
; Ignore SOFT Buffers                                                             ; On                 ; On                 ;
; Limit AHDL Integers to 32 Bits                                                  ; Off                ; Off                ;
; Optimization Technique                                                          ; Balanced           ; Balanced           ;
; Carry Chain Length                                                              ; 70                 ; 70                 ;
; Auto Carry Chains                                                               ; On                 ; On                 ;
; Auto Open-Drain Pins                                                            ; On                 ; On                 ;
; Perform WYSIWYG Primitive Resynthesis                                           ; Off                ; Off                ;
; Auto ROM Replacement                                                            ; On                 ; On                 ;
; Auto RAM Replacement                                                            ; On                 ; On                 ;
; Auto DSP Block Replacement                                                      ; On                 ; On                 ;
; Auto Shift Register Replacement                                                 ; Auto               ; Auto               ;
; Allow Shift Register Merging across Hierarchies                                 ; Auto               ; Auto               ;
; Auto Clock Enable Replacement                                                   ; On                 ; On                 ;
; Strict RAM Replacement                                                          ; Off                ; Off                ;
; Allow Synchronous Control Signals                                               ; On                 ; On                 ;
; Force Use of Synchronous Clear Signals                                          ; Off                ; Off                ;
; Auto Resource Sharing                                                           ; Off                ; Off                ;
; Allow Any RAM Size For Recognition                                              ; Off                ; Off                ;
; Allow Any ROM Size For Recognition                                              ; Off                ; Off                ;
; Allow Any Shift Register Size For Recognition                                   ; Off                ; Off                ;
; Use LogicLock Constraints during Resource Balancing                             ; On                 ; On                 ;
; Ignore translate_off and synthesis_off directives                               ; Off                ; Off                ;
; Timing-Driven Synthesis                                                         ; On                 ; On                 ;
; Report Parameter Settings                                                       ; On                 ; On                 ;
; Report Source Assignments                                                       ; On                 ; On                 ;
; Report Connectivity Checks                                                      ; On                 ; On                 ;
; Ignore Maximum Fan-Out Assignments                                              ; Off                ; Off                ;
; Synchronization Register Chain Length                                           ; 3                  ; 3                  ;
; Power Optimization During Synthesis                                             ; Normal compilation ; Normal compilation ;
; HDL message level                                                               ; Level2             ; Level2             ;
; Suppress Register Optimization Related Messages                                 ; Off                ; Off                ;
; Number of Removed Registers Reported in Synthesis Report                        ; 5000               ; 5000               ;
; Number of Swept Nodes Reported in Synthesis Report                              ; 5000               ; 5000               ;
; Number of Inverted Registers Reported in Synthesis Report                       ; 100                ; 100                ;
; Clock MUX Protection                                                            ; On                 ; On                 ;
; Auto Gated Clock Conversion                                                     ; Off                ; Off                ;
; Block Design Naming                                                             ; Auto               ; Auto               ;
; SDC constraint protection                                                       ; Off                ; Off                ;
; Synthesis Effort                                                                ; Auto               ; Auto               ;
; Shift Register Replacement - Allow Asynchronous Clear Signal                    ; On                 ; On                 ;
; Pre-Mapping Resynthesis Optimization                                            ; Off                ; Off                ;
; Analysis & Synthesis Message Level                                              ; Medium             ; Medium             ;
; Disable Register Merging Across Hierarchies                                     ; Auto               ; Auto               ;
; Resource Aware Inference For Block RAM                                          ; On                 ; On                 ;
; Automatic Parallel Synthesis                                                    ; On                 ; On                 ;
; Partial Reconfiguration Bitstream ID                                            ; Off                ; Off                ;
+---------------------------------------------------------------------------------+--------------------+--------------------+


+------------------------------------------+
; Parallel Compilation                     ;
+----------------------------+-------------+
; Processors                 ; Number      ;
+----------------------------+-------------+
; Number detected on machine ; 4           ;
; Maximum allowed            ; 2           ;
;                            ;             ;
; Average used               ; 1.00        ;
; Maximum used               ; 1           ;
;                            ;             ;
; Usage by Processor         ; % Time Used ;
;     Processor 1            ; 100.0%      ;
+----------------------------+-------------+


+-------------------------------+
; Analysis & Synthesis Messages ;
+-------------------------------+
Info: *******************************************************************
Info: Running Quartus Prime Analysis & Synthesis
    Info: Version 17.1.0 Build 590 10/25/2017 SJ Lite Edition
    Info: Processing started: Wed Sep 23 12:07:46 2020
Info: Command: quartus_map --read_settings_files=on --write_settings_files=off de0_cv -c de0_cv
Warning (18236): Number of processors has not been specified which may cause overloading on shared machines.  Set the global assignment NUM_PARALLEL_PROCESSORS in your QSF to an appropriate value for best performance.
Info (20030): Parallel compilation is enabled and will use 2 of the 2 processors detected
Critical Warning (10191): Verilog HDL Compiler Directive warning at de0_cv.v(62): text macro "SM_GPIO_WIDTH" is undefined File: D:/repos/hse_spds_labs/lab_02/board/de0_cv/de0_cv.v Line: 62
Warning (10229): Verilog HDL Expression warning at de0_cv.v(92): truncated literal to match 4 bits File: D:/repos/hse_spds_labs/lab_02/board/de0_cv/de0_cv.v Line: 92
Info (12021): Found 1 design units, including 1 entities, in source file de0_cv.v
    Info (12023): Found entity 1: de0_cv File: D:/repos/hse_spds_labs/lab_02/board/de0_cv/de0_cv.v Line: 2
Info (12021): Found 4 design units, including 4 entities, in source file /repos/hse_spds_labs/lab_02/src/sm_cpu.v
    Info (12023): Found entity 1: sm_cpu File: D:/repos/hse_spds_labs/lab_02/src/sm_cpu.v Line: 13
    Info (12023): Found entity 2: sm_control File: D:/repos/hse_spds_labs/lab_02/src/sm_cpu.v Line: 112
    Info (12023): Found entity 3: sm_alu File: D:/repos/hse_spds_labs/lab_02/src/sm_cpu.v Line: 160
    Info (12023): Found entity 4: sm_register_file File: D:/repos/hse_spds_labs/lab_02/src/sm_cpu.v Line: 184
Info (12021): Found 3 design units, including 3 entities, in source file /repos/hse_spds_labs/lab_02/src/sm_hex_display.v
    Info (12023): Found entity 1: sm_hex_display File: D:/repos/hse_spds_labs/lab_02/src/sm_hex_display.v Line: 2
    Info (12023): Found entity 2: sm_hex_display_8 File: D:/repos/hse_spds_labs/lab_02/src/sm_hex_display.v Line: 32
    Info (12023): Found entity 3: sm_hex_display_our File: D:/repos/hse_spds_labs/lab_02/src/sm_hex_display.v Line: 91
Info (12021): Found 2 design units, including 2 entities, in source file /repos/hse_spds_labs/lab_02/src/sm_register.v
    Info (12023): Found entity 1: sm_register File: D:/repos/hse_spds_labs/lab_02/src/sm_register.v Line: 3
    Info (12023): Found entity 2: sm_register_we File: D:/repos/hse_spds_labs/lab_02/src/sm_register.v Line: 21
Info (12021): Found 1 design units, including 1 entities, in source file /repos/hse_spds_labs/lab_02/src/sm_rom.v
    Info (12023): Found entity 1: sm_rom File: D:/repos/hse_spds_labs/lab_02/src/sm_rom.v Line: 2
Warning (10274): Verilog HDL macro warning at sm_config.vh(6): overriding existing definition for macro "SM_GPIO_WIDTH", which was defined in "../de0_cv.v", line 62 File: D:/repos/hse_spds_labs/lab_02/src/sm_config.vh Line: 6
Info (12021): Found 3 design units, including 3 entities, in source file /repos/hse_spds_labs/lab_02/src/sm_top.v
    Info (12023): Found entity 1: sm_top File: D:/repos/hse_spds_labs/lab_02/src/sm_top.v Line: 5
    Info (12023): Found entity 2: sm_debouncer File: D:/repos/hse_spds_labs/lab_02/src/sm_top.v Line: 86
    Info (12023): Found entity 3: sm_clk_divider File: D:/repos/hse_spds_labs/lab_02/src/sm_top.v Line: 105
Info (12127): Elaborating entity "de0_cv" for the top level hierarchy
Warning (10230): Verilog HDL assignment warning at de0_cv.v(62): truncated value with size 16 to match size of target (2) File: D:/repos/hse_spds_labs/lab_02/board/de0_cv/de0_cv.v Line: 62
Warning (10034): Output port "DRAM_ADDR" at de0_cv.v(23) has no driver File: D:/repos/hse_spds_labs/lab_02/board/de0_cv/de0_cv.v Line: 23
Warning (10034): Output port "DRAM_BA" at de0_cv.v(24) has no driver File: D:/repos/hse_spds_labs/lab_02/board/de0_cv/de0_cv.v Line: 24
Warning (10034): Output port "VGA_B" at de0_cv.v(35) has no driver File: D:/repos/hse_spds_labs/lab_02/board/de0_cv/de0_cv.v Line: 35
Warning (10034): Output port "VGA_G" at de0_cv.v(36) has no driver File: D:/repos/hse_spds_labs/lab_02/board/de0_cv/de0_cv.v Line: 36
Warning (10034): Output port "VGA_R" at de0_cv.v(38) has no driver File: D:/repos/hse_spds_labs/lab_02/board/de0_cv/de0_cv.v Line: 38
Warning (10034): Output port "DRAM_CAS_N" at de0_cv.v(25) has no driver File: D:/repos/hse_spds_labs/lab_02/board/de0_cv/de0_cv.v Line: 25
Warning (10034): Output port "DRAM_CKE" at de0_cv.v(26) has no driver File: D:/repos/hse_spds_labs/lab_02/board/de0_cv/de0_cv.v Line: 26
Warning (10034): Output port "DRAM_CLK" at de0_cv.v(27) has no driver File: D:/repos/hse_spds_labs/lab_02/board/de0_cv/de0_cv.v Line: 27
Warning (10034): Output port "DRAM_CS_N" at de0_cv.v(28) has no driver File: D:/repos/hse_spds_labs/lab_02/board/de0_cv/de0_cv.v Line: 28
Warning (10034): Output port "DRAM_LDQM" at de0_cv.v(30) has no driver File: D:/repos/hse_spds_labs/lab_02/board/de0_cv/de0_cv.v Line: 30
Warning (10034): Output port "DRAM_RAS_N" at de0_cv.v(31) has no driver File: D:/repos/hse_spds_labs/lab_02/board/de0_cv/de0_cv.v Line: 31
Warning (10034): Output port "DRAM_UDQM" at de0_cv.v(32) has no driver File: D:/repos/hse_spds_labs/lab_02/board/de0_cv/de0_cv.v Line: 32
Warning (10034): Output port "DRAM_WE_N" at de0_cv.v(33) has no driver File: D:/repos/hse_spds_labs/lab_02/board/de0_cv/de0_cv.v Line: 33
Warning (10034): Output port "VGA_HS" at de0_cv.v(37) has no driver File: D:/repos/hse_spds_labs/lab_02/board/de0_cv/de0_cv.v Line: 37
Warning (10034): Output port "VGA_VS" at de0_cv.v(39) has no driver File: D:/repos/hse_spds_labs/lab_02/board/de0_cv/de0_cv.v Line: 39
Warning (10034): Output port "SD_CLK" at de0_cv.v(46) has no driver File: D:/repos/hse_spds_labs/lab_02/board/de0_cv/de0_cv.v Line: 46
Info (12128): Elaborating entity "sm_top" for hierarchy "sm_top:sm_top" File: D:/repos/hse_spds_labs/lab_02/board/de0_cv/de0_cv.v Line: 77
Info (12128): Elaborating entity "sm_debouncer" for hierarchy "sm_top:sm_top|sm_debouncer:f0" File: D:/repos/hse_spds_labs/lab_02/src/sm_top.v Line: 27
Info (12128): Elaborating entity "sm_debouncer" for hierarchy "sm_top:sm_top|sm_debouncer:f1" File: D:/repos/hse_spds_labs/lab_02/src/sm_top.v Line: 28
Info (12128): Elaborating entity "sm_debouncer" for hierarchy "sm_top:sm_top|sm_debouncer:f2" File: D:/repos/hse_spds_labs/lab_02/src/sm_top.v Line: 29
Info (12128): Elaborating entity "sm_clk_divider" for hierarchy "sm_top:sm_top|sm_clk_divider:sm_clk_divider" File: D:/repos/hse_spds_labs/lab_02/src/sm_top.v Line: 40
Info (12128): Elaborating entity "sm_register_we" for hierarchy "sm_top:sm_top|sm_clk_divider:sm_clk_divider|sm_register_we:r_cntr" File: D:/repos/hse_spds_labs/lab_02/src/sm_top.v Line: 119
Info (12128): Elaborating entity "sm_rom" for hierarchy "sm_top:sm_top|sm_rom:reset_rom" File: D:/repos/hse_spds_labs/lab_02/src/sm_top.v Line: 45
Error (10054): Verilog HDL File I/O error at sm_rom.v(14): can't open Verilog Design File "program.hex" File: D:/repos/hse_spds_labs/lab_02/src/sm_rom.v Line: 14
Error (12152): Can't elaborate user hierarchy "sm_top:sm_top|sm_rom:reset_rom" File: D:/repos/hse_spds_labs/lab_02/src/sm_top.v Line: 45
Error: Quartus Prime Analysis & Synthesis was unsuccessful. 2 errors, 21 warnings
    Error: Peak virtual memory: 4769 megabytes
    Error: Processing ended: Wed Sep 23 12:08:06 2020
    Error: Elapsed time: 00:00:20
    Error: Total CPU time (on all processors): 00:00:48


