Analysis & Synthesis report for DE1_SoC_PS2_DEMO
Mon Feb 01 16:20:20 2021
Quartus Prime Version 20.1.1 Build 720 11/11/2020 SJ Lite Edition


---------------------
; Table of Contents ;
---------------------
  1. Legal Notice
  2. Analysis & Synthesis Summary
  3. Analysis & Synthesis Settings
  4. Parallel Compilation
  5. Analysis & Synthesis Source Files Read
  6. Analysis & Synthesis Resource Usage Summary
  7. Analysis & Synthesis Resource Utilization by Entity
  8. Registers Removed During Synthesis
  9. General Register Statistics
 10. Multiplexer Restructuring Statistics (Restructuring Performed)
 11. Post-Synthesis Netlist Statistics for Top Partition
 12. Elapsed Time Per Partition
 13. Analysis & Synthesis Messages



----------------
; Legal Notice ;
----------------
Copyright (C) 2020  Intel Corporation. All rights reserved.
Your use of Intel Corporation's design tools, logic functions 
and other software and tools, and any partner logic 
functions, and any output files from any of the foregoing 
(including device programming or simulation files), and any 
associated documentation or information are expressly subject 
to the terms and conditions of the Intel Program License 
Subscription Agreement, the Intel Quartus Prime License Agreement,
the Intel FPGA IP License Agreement, or other applicable license
agreement, including, without limitation, that your use is for
the sole purpose of programming logic devices manufactured by
Intel and sold by Intel or its authorized distributors.  Please
refer to the applicable agreement for further details, at
https://fpgasoftware.intel.com/eula.



+-------------------------------------------------------------------------------+
; Analysis & Synthesis Summary                                                  ;
+---------------------------------+---------------------------------------------+
; Analysis & Synthesis Status     ; Successful - Mon Feb 01 16:20:20 2021       ;
; Quartus Prime Version           ; 20.1.1 Build 720 11/11/2020 SJ Lite Edition ;
; Revision Name                   ; DE1_SoC_PS2_DEMO                            ;
; Top-level Entity Name           ; action_det                                  ;
; Family                          ; Cyclone V                                   ;
; Logic utilization (in ALMs)     ; N/A                                         ;
; Total registers                 ; 72                                          ;
; Total pins                      ; 64                                          ;
; Total virtual pins              ; 0                                           ;
; Total block memory bits         ; 0                                           ;
; Total DSP Blocks                ; 0                                           ;
; Total HSSI RX PCSs              ; 0                                           ;
; Total HSSI PMA RX Deserializers ; 0                                           ;
; Total HSSI TX PCSs              ; 0                                           ;
; Total HSSI PMA TX Serializers   ; 0                                           ;
; Total PLLs                      ; 0                                           ;
; Total DLLs                      ; 0                                           ;
+---------------------------------+---------------------------------------------+


+---------------------------------------------------------------------------------------------------------------------------+
; Analysis & Synthesis Settings                                                                                             ;
+---------------------------------------------------------------------------------+--------------------+--------------------+
; Option                                                                          ; Setting            ; Default Value      ;
+---------------------------------------------------------------------------------+--------------------+--------------------+
; Device                                                                          ; 5CSEMA5F31C6       ;                    ;
; Top-level entity name                                                           ; action_det         ; DE1_SoC_PS2_DEMO   ;
; Family name                                                                     ; Cyclone V          ; Cyclone V          ;
; Use smart compilation                                                           ; Off                ; Off                ;
; Enable parallel Assembler and Timing Analyzer during compilation                ; On                 ; On                 ;
; Enable compact report table                                                     ; Off                ; Off                ;
; Restructure Multiplexers                                                        ; Auto               ; Auto               ;
; MLAB Add Timing Constraints For Mixed-Port Feed-Through Mode Setting Don't Care ; Off                ; Off                ;
; Create Debugging Nodes for IP Cores                                             ; Off                ; Off                ;
; Preserve fewer node names                                                       ; On                 ; On                 ;
; Intel FPGA IP Evaluation Mode                                                   ; Enable             ; Enable             ;
; Verilog Version                                                                 ; Verilog_2001       ; Verilog_2001       ;
; VHDL Version                                                                    ; VHDL_1993          ; VHDL_1993          ;
; State Machine Processing                                                        ; Auto               ; Auto               ;
; Safe State Machine                                                              ; Off                ; Off                ;
; Extract Verilog State Machines                                                  ; On                 ; On                 ;
; Extract VHDL State Machines                                                     ; On                 ; On                 ;
; Ignore Verilog initial constructs                                               ; Off                ; Off                ;
; Iteration limit for constant Verilog loops                                      ; 5000               ; 5000               ;
; Iteration limit for non-constant Verilog loops                                  ; 250                ; 250                ;
; Add Pass-Through Logic to Inferred RAMs                                         ; On                 ; On                 ;
; Infer RAMs from Raw Logic                                                       ; On                 ; On                 ;
; Parallel Synthesis                                                              ; On                 ; On                 ;
; DSP Block Balancing                                                             ; Auto               ; Auto               ;
; NOT Gate Push-Back                                                              ; On                 ; On                 ;
; Power-Up Don't Care                                                             ; On                 ; On                 ;
; Remove Redundant Logic Cells                                                    ; Off                ; Off                ;
; Remove Duplicate Registers                                                      ; On                 ; On                 ;
; Ignore CARRY Buffers                                                            ; Off                ; Off                ;
; Ignore CASCADE Buffers                                                          ; Off                ; Off                ;
; Ignore GLOBAL Buffers                                                           ; Off                ; Off                ;
; Ignore ROW GLOBAL Buffers                                                       ; Off                ; Off                ;
; Ignore LCELL Buffers                                                            ; Off                ; Off                ;
; Ignore SOFT Buffers                                                             ; On                 ; On                 ;
; Limit AHDL Integers to 32 Bits                                                  ; Off                ; Off                ;
; Optimization Technique                                                          ; Balanced           ; Balanced           ;
; Carry Chain Length                                                              ; 70                 ; 70                 ;
; Auto Carry Chains                                                               ; On                 ; On                 ;
; Auto Open-Drain Pins                                                            ; On                 ; On                 ;
; Perform WYSIWYG Primitive Resynthesis                                           ; Off                ; Off                ;
; Auto ROM Replacement                                                            ; On                 ; On                 ;
; Auto RAM Replacement                                                            ; On                 ; On                 ;
; Auto DSP Block Replacement                                                      ; On                 ; On                 ;
; Auto Shift Register Replacement                                                 ; Auto               ; Auto               ;
; Allow Shift Register Merging across Hierarchies                                 ; Auto               ; Auto               ;
; Auto Clock Enable Replacement                                                   ; On                 ; On                 ;
; Strict RAM Replacement                                                          ; Off                ; Off                ;
; Allow Synchronous Control Signals                                               ; On                 ; On                 ;
; Force Use of Synchronous Clear Signals                                          ; Off                ; Off                ;
; Auto Resource Sharing                                                           ; Off                ; Off                ;
; Allow Any RAM Size For Recognition                                              ; Off                ; Off                ;
; Allow Any ROM Size For Recognition                                              ; Off                ; Off                ;
; Allow Any Shift Register Size For Recognition                                   ; Off                ; Off                ;
; Use LogicLock Constraints during Resource Balancing                             ; On                 ; On                 ;
; Ignore translate_off and synthesis_off directives                               ; Off                ; Off                ;
; Timing-Driven Synthesis                                                         ; On                 ; On                 ;
; Report Parameter Settings                                                       ; On                 ; On                 ;
; Report Source Assignments                                                       ; On                 ; On                 ;
; Report Connectivity Checks                                                      ; On                 ; On                 ;
; Ignore Maximum Fan-Out Assignments                                              ; Off                ; Off                ;
; Synchronization Register Chain Length                                           ; 3                  ; 3                  ;
; Power Optimization During Synthesis                                             ; Normal compilation ; Normal compilation ;
; HDL message level                                                               ; Level2             ; Level2             ;
; Suppress Register Optimization Related Messages                                 ; Off                ; Off                ;
; Number of Removed Registers Reported in Synthesis Report                        ; 5000               ; 5000               ;
; Number of Swept Nodes Reported in Synthesis Report                              ; 5000               ; 5000               ;
; Number of Inverted Registers Reported in Synthesis Report                       ; 100                ; 100                ;
; Clock MUX Protection                                                            ; On                 ; On                 ;
; Auto Gated Clock Conversion                                                     ; Off                ; Off                ;
; Block Design Naming                                                             ; Auto               ; Auto               ;
; SDC constraint protection                                                       ; Off                ; Off                ;
; Synthesis Effort                                                                ; Auto               ; Auto               ;
; Shift Register Replacement - Allow Asynchronous Clear Signal                    ; On                 ; On                 ;
; Pre-Mapping Resynthesis Optimization                                            ; Off                ; Off                ;
; Analysis & Synthesis Message Level                                              ; Medium             ; Medium             ;
; Disable Register Merging Across Hierarchies                                     ; Auto               ; Auto               ;
; Resource Aware Inference For Block RAM                                          ; On                 ; On                 ;
; Automatic Parallel Synthesis                                                    ; On                 ; On                 ;
; Partial Reconfiguration Bitstream ID                                            ; Off                ; Off                ;
+---------------------------------------------------------------------------------+--------------------+--------------------+


+------------------------------------------+
; Parallel Compilation                     ;
+----------------------------+-------------+
; Processors                 ; Number      ;
+----------------------------+-------------+
; Number detected on machine ; 4           ;
; Maximum allowed            ; 2           ;
;                            ;             ;
; Average used               ; 1.00        ;
; Maximum used               ; 2           ;
;                            ;             ;
; Usage by Processor         ; % Time Used ;
;     Processor 1            ; 100.0%      ;
;     Processor 2            ;   0.0%      ;
+----------------------------+-------------+


+--------------------------------------------------------------------------------------------------------------------------------------------------------------------+
; Analysis & Synthesis Source Files Read                                                                                                                             ;
+----------------------------------+-----------------+------------------------+----------------------------------------------------------------------------+---------+
; File Name with User-Entered Path ; Used in Netlist ; File Type              ; File Name with Absolute Path                                               ; Library ;
+----------------------------------+-----------------+------------------------+----------------------------------------------------------------------------+---------+
; dev_clk.v                        ; yes             ; User Verilog HDL File  ; E:/repos/hse_spds_labs/lab_09/SR/SPDS_Lab_11_DE1_SoC_PS2_DEMO/dev_clk.v    ;         ;
; action_det.v                     ; yes             ; User Verilog HDL File  ; E:/repos/hse_spds_labs/lab_09/SR/SPDS_Lab_11_DE1_SoC_PS2_DEMO/action_det.v ;         ;
+----------------------------------+-----------------+------------------------+----------------------------------------------------------------------------+---------+


+-------------------------------------------------------------------------+
; Analysis & Synthesis Resource Usage Summary                             ;
+---------------------------------------------+---------------------------+
; Resource                                    ; Usage                     ;
+---------------------------------------------+---------------------------+
; Estimate of Logic utilization (ALMs needed) ; 44                        ;
;                                             ;                           ;
; Combinational ALUT usage for logic          ; 73                        ;
;     -- 7 input functions                    ; 0                         ;
;     -- 6 input functions                    ; 11                        ;
;     -- 5 input functions                    ; 6                         ;
;     -- 4 input functions                    ; 2                         ;
;     -- <=3 input functions                  ; 54                        ;
;                                             ;                           ;
; Dedicated logic registers                   ; 72                        ;
;                                             ;                           ;
; I/O pins                                    ; 64                        ;
;                                             ;                           ;
; Total DSP Blocks                            ; 0                         ;
;                                             ;                           ;
; Maximum fan-out node                        ; dev_clk:dev_clk|timer[27] ;
; Maximum fan-out                             ; 45                        ;
; Total fan-out                               ; 465                       ;
; Average fan-out                             ; 1.70                      ;
+---------------------------------------------+---------------------------+


+------------------------------------------------------------------------------------------------------------------------------------------------------------------------------------------------+
; Analysis & Synthesis Resource Utilization by Entity                                                                                                                                            ;
+----------------------------+---------------------+---------------------------+-------------------+------------+------+--------------+-----------------------------+-------------+--------------+
; Compilation Hierarchy Node ; Combinational ALUTs ; Dedicated Logic Registers ; Block Memory Bits ; DSP Blocks ; Pins ; Virtual Pins ; Full Hierarchy Name         ; Entity Name ; Library Name ;
+----------------------------+---------------------+---------------------------+-------------------+------------+------+--------------+-----------------------------+-------------+--------------+
; |action_det                ; 73 (45)             ; 72 (44)                   ; 0                 ; 0          ; 64   ; 0            ; |action_det                 ; action_det  ; work         ;
;    |dev_clk:dev_clk|       ; 28 (28)             ; 28 (28)                   ; 0                 ; 0          ; 0    ; 0            ; |action_det|dev_clk:dev_clk ; dev_clk     ; work         ;
+----------------------------+---------------------+---------------------------+-------------------+------------+------+--------------+-----------------------------+-------------+--------------+
Note: For table entries with two numbers listed, the numbers in parentheses indicate the number of resources of the given type used by the specific entity alone. The numbers listed outside of parentheses indicate the total resources of the given type used by the specific entity and all of its sub-entities in the hierarchy.


+---------------------------------------------------------------------------------+
; Registers Removed During Synthesis                                              ;
+----------------------------------------+----------------------------------------+
; Register name                          ; Reason for Removal                     ;
+----------------------------------------+----------------------------------------+
; red_y_mov[4..7]                        ; Stuck at GND due to stuck port data_in ;
; rHEX3[2]                               ; Stuck at VCC due to stuck port data_in ;
; rHEX2[6]                               ; Stuck at GND due to stuck port data_in ;
; rHEX2[1,2]                             ; Stuck at VCC due to stuck port data_in ;
; rHEX4[6]                               ; Stuck at GND due to stuck port data_in ;
; rHEX4[3]                               ; Stuck at VCC due to stuck port data_in ;
; red_x_mov[4..7]                        ; Stuck at GND due to stuck port data_in ;
; Total Number of Removed Registers = 14 ;                                        ;
+----------------------------------------+----------------------------------------+


+------------------------------------------------------+
; General Register Statistics                          ;
+----------------------------------------------+-------+
; Statistic                                    ; Value ;
+----------------------------------------------+-------+
; Total registers                              ; 72    ;
; Number of registers using Synchronous Clear  ; 5     ;
; Number of registers using Synchronous Load   ; 5     ;
; Number of registers using Asynchronous Clear ; 0     ;
; Number of registers using Asynchronous Load  ; 0     ;
; Number of registers using Clock Enable       ; 0     ;
; Number of registers using Preset             ; 0     ;
+----------------------------------------------+-------+


+------------------------------------------------------------------------------------------------------------------------------------------+
; Multiplexer Restructuring Statistics (Restructuring Performed)                                                                           ;
+--------------------+-----------+---------------+----------------------+------------------------+------------+----------------------------+
; Multiplexer Inputs ; Bus Width ; Baseline Area ; Area if Restructured ; Saving if Restructured ; Registered ; Example Multiplexer Output ;
+--------------------+-----------+---------------+----------------------+------------------------+------------+----------------------------+
; 4:1                ; 5 bits    ; 10 LEs        ; 10 LEs               ; 0 LEs                  ; Yes        ; |action_det|h0[0]          ;
; 4:1                ; 5 bits    ; 10 LEs        ; 10 LEs               ; 0 LEs                  ; Yes        ; |action_det|h1[1]          ;
+--------------------+-----------+---------------+----------------------+------------------------+------------+----------------------------+


+-----------------------------------------------------+
; Post-Synthesis Netlist Statistics for Top Partition ;
+-----------------------+-----------------------------+
; Type                  ; Count                       ;
+-----------------------+-----------------------------+
; arriav_ff             ; 72                          ;
;     SCLR SLD          ; 5                           ;
;     plain             ; 67                          ;
; arriav_lcell_comb     ; 89                          ;
;     arith             ; 49                          ;
;         1 data inputs ; 48                          ;
;         2 data inputs ; 1                           ;
;     normal            ; 40                          ;
;         0 data inputs ; 2                           ;
;         1 data inputs ; 17                          ;
;         2 data inputs ; 1                           ;
;         3 data inputs ; 1                           ;
;         4 data inputs ; 2                           ;
;         5 data inputs ; 6                           ;
;         6 data inputs ; 11                          ;
; boundary_port         ; 64                          ;
;                       ;                             ;
; Max LUT depth         ; 3.60                        ;
; Average LUT depth     ; 1.99                        ;
+-----------------------+-----------------------------+


+-------------------------------+
; Elapsed Time Per Partition    ;
+----------------+--------------+
; Partition Name ; Elapsed Time ;
+----------------+--------------+
; Top            ; 00:00:00     ;
+----------------+--------------+


+-------------------------------+
; Analysis & Synthesis Messages ;
+-------------------------------+
Info: *******************************************************************
Info: Running Quartus Prime Analysis & Synthesis
    Info: Version 20.1.1 Build 720 11/11/2020 SJ Lite Edition
    Info: Processing started: Mon Feb 01 16:20:01 2021
Info: Command: quartus_map --read_settings_files=on --write_settings_files=off DE1_SoC_PS2_DEMO -c DE1_SoC_PS2_DEMO
Warning (18236): Number of processors has not been specified which may cause overloading on shared machines.  Set the global assignment NUM_PARALLEL_PROCESSORS in your QSF to an appropriate value for best performance.
Info (20030): Parallel compilation is enabled and will use 2 of the 2 processors detected
Info (12021): Found 1 design units, including 1 entities, in source file dev_clk.v
    Info (12023): Found entity 1: dev_clk File: E:/repos/hse_spds_labs/lab_09/SR/SPDS_Lab_11_DE1_SoC_PS2_DEMO/dev_clk.v Line: 1
Info (12021): Found 1 design units, including 1 entities, in source file action_det.v
    Info (12023): Found entity 1: action_det File: E:/repos/hse_spds_labs/lab_09/SR/SPDS_Lab_11_DE1_SoC_PS2_DEMO/action_det.v Line: 1
Info (12021): Found 1 design units, including 1 entities, in source file de1_soc_ps2_demo.v
    Info (12023): Found entity 1: DE1_SoC_PS2_DEMO File: E:/repos/hse_spds_labs/lab_09/SR/SPDS_Lab_11_DE1_SoC_PS2_DEMO/DE1_SoC_PS2_DEMO.v Line: 36
Info (12021): Found 1 design units, including 1 entities, in source file ps2.v
    Info (12023): Found entity 1: ps2 File: E:/repos/hse_spds_labs/lab_09/SR/SPDS_Lab_11_DE1_SoC_PS2_DEMO/ps2.v Line: 39
Info (12021): Found 1 design units, including 1 entities, in source file seg7_lut.v
    Info (12023): Found entity 1: SEG7_LUT File: E:/repos/hse_spds_labs/lab_09/SR/SPDS_Lab_11_DE1_SoC_PS2_DEMO/SEG7_LUT.v Line: 1
Info (12021): Found 1 design units, including 1 entities, in source file ps2_2.v
    Info (12023): Found entity 1: ps2_2 File: E:/repos/hse_spds_labs/lab_09/SR/SPDS_Lab_11_DE1_SoC_PS2_DEMO/ps2_2.v Line: 39
Info (12021): Found 1 design units, including 1 entities, in source file de1_soc_ps2_2.v
    Info (12023): Found entity 1: DE1_SoC_PS2_2 File: E:/repos/hse_spds_labs/lab_09/SR/SPDS_Lab_11_DE1_SoC_PS2_DEMO/DE1_SoC_PS2_2.v Line: 36
Warning (10236): Verilog HDL Implicit Net warning at action_det.v(20): created implicit net for "oclk" File: E:/repos/hse_spds_labs/lab_09/SR/SPDS_Lab_11_DE1_SoC_PS2_DEMO/action_det.v Line: 20
Warning (10236): Verilog HDL Implicit Net warning at DE1_SoC_PS2_2.v(227): created implicit net for "action" File: E:/repos/hse_spds_labs/lab_09/SR/SPDS_Lab_11_DE1_SoC_PS2_DEMO/DE1_SoC_PS2_2.v Line: 227
Info (12127): Elaborating entity "action_det" for the top level hierarchy
Info (12128): Elaborating entity "dev_clk" for hierarchy "dev_clk:dev_clk" File: E:/repos/hse_spds_labs/lab_09/SR/SPDS_Lab_11_DE1_SoC_PS2_DEMO/action_det.v Line: 21
Warning (10230): Verilog HDL assignment warning at dev_clk.v(8): truncated value with size 32 to match size of target (28) File: E:/repos/hse_spds_labs/lab_09/SR/SPDS_Lab_11_DE1_SoC_PS2_DEMO/dev_clk.v Line: 8
Warning (13024): Output pins are stuck at VCC or GND
    Warning (13410): Pin "HEX2[1]" is stuck at VCC File: E:/repos/hse_spds_labs/lab_09/SR/SPDS_Lab_11_DE1_SoC_PS2_DEMO/action_det.v Line: 12
    Warning (13410): Pin "HEX2[2]" is stuck at VCC File: E:/repos/hse_spds_labs/lab_09/SR/SPDS_Lab_11_DE1_SoC_PS2_DEMO/action_det.v Line: 12
    Warning (13410): Pin "HEX2[6]" is stuck at GND File: E:/repos/hse_spds_labs/lab_09/SR/SPDS_Lab_11_DE1_SoC_PS2_DEMO/action_det.v Line: 12
    Warning (13410): Pin "HEX3[2]" is stuck at VCC File: E:/repos/hse_spds_labs/lab_09/SR/SPDS_Lab_11_DE1_SoC_PS2_DEMO/action_det.v Line: 13
    Warning (13410): Pin "HEX4[3]" is stuck at VCC File: E:/repos/hse_spds_labs/lab_09/SR/SPDS_Lab_11_DE1_SoC_PS2_DEMO/action_det.v Line: 14
    Warning (13410): Pin "HEX4[6]" is stuck at GND File: E:/repos/hse_spds_labs/lab_09/SR/SPDS_Lab_11_DE1_SoC_PS2_DEMO/action_det.v Line: 14
Info (286030): Timing-Driven Synthesis is running
Info (16010): Generating hard_block partition "hard_block:auto_generated_inst"
    Info (16011): Adding 0 node(s), including 0 DDIO, 0 PLL, 0 transceiver and 0 LCELL
Warning (21074): Design contains 8 input pin(s) that do not drive logic
    Warning (15610): No output dependent on input pin "x_mov[0]" File: E:/repos/hse_spds_labs/lab_09/SR/SPDS_Lab_11_DE1_SoC_PS2_DEMO/action_det.v Line: 6
    Warning (15610): No output dependent on input pin "x_mov[1]" File: E:/repos/hse_spds_labs/lab_09/SR/SPDS_Lab_11_DE1_SoC_PS2_DEMO/action_det.v Line: 6
    Warning (15610): No output dependent on input pin "x_mov[2]" File: E:/repos/hse_spds_labs/lab_09/SR/SPDS_Lab_11_DE1_SoC_PS2_DEMO/action_det.v Line: 6
    Warning (15610): No output dependent on input pin "x_mov[3]" File: E:/repos/hse_spds_labs/lab_09/SR/SPDS_Lab_11_DE1_SoC_PS2_DEMO/action_det.v Line: 6
    Warning (15610): No output dependent on input pin "y_mov[0]" File: E:/repos/hse_spds_labs/lab_09/SR/SPDS_Lab_11_DE1_SoC_PS2_DEMO/action_det.v Line: 7
    Warning (15610): No output dependent on input pin "y_mov[1]" File: E:/repos/hse_spds_labs/lab_09/SR/SPDS_Lab_11_DE1_SoC_PS2_DEMO/action_det.v Line: 7
    Warning (15610): No output dependent on input pin "y_mov[2]" File: E:/repos/hse_spds_labs/lab_09/SR/SPDS_Lab_11_DE1_SoC_PS2_DEMO/action_det.v Line: 7
    Warning (15610): No output dependent on input pin "y_mov[3]" File: E:/repos/hse_spds_labs/lab_09/SR/SPDS_Lab_11_DE1_SoC_PS2_DEMO/action_det.v Line: 7
Info (21057): Implemented 164 device resources after synthesis - the final resource count might be different
    Info (21058): Implemented 22 input pins
    Info (21059): Implemented 42 output pins
    Info (21061): Implemented 100 logic cells
Info: Quartus Prime Analysis & Synthesis was successful. 0 errors, 20 warnings
    Info: Peak virtual memory: 4811 megabytes
    Info: Processing ended: Mon Feb 01 16:20:20 2021
    Info: Elapsed time: 00:00:19
    Info: Total CPU time (on all processors): 00:00:42


