Flow report for part2
Sun Nov 22 00:48:25 2020
Quartus Prime Version 17.1.0 Build 590 10/25/2017 SJ Lite Edition


---------------------
; Table of Contents ;
---------------------
  1. Legal Notice
  2. Flow Summary
  3. Flow Settings
  4. Flow Non-Default Global Settings
  5. Flow Elapsed Time
  6. Flow OS Summary
  7. Flow Log
  8. Flow Messages
  9. Flow Suppressed Messages



----------------
; Legal Notice ;
----------------
Copyright (C) 2017  Intel Corporation. All rights reserved.
Your use of Intel Corporation's design tools, logic functions 
and other software and tools, and its AMPP partner logic 
functions, and any output files from any of the foregoing 
(including device programming or simulation files), and any 
associated documentation or information are expressly subject 
to the terms and conditions of the Intel Program License 
Subscription Agreement, the Intel Quartus Prime License Agreement,
the Intel FPGA IP License Agreement, or other applicable license
agreement, including, without limitation, that your use is for
the sole purpose of programming logic devices manufactured by
Intel and sold by Intel or its authorized distributors.  Please
refer to the applicable agreement for further details.



+-------------------------------------------------------------------------------+
; Flow Summary                                                                  ;
+---------------------------------+---------------------------------------------+
; Flow Status                     ; Successful - Sun Nov 22 00:47:55 2020       ;
; Quartus Prime Version           ; 17.1.0 Build 590 10/25/2017 SJ Lite Edition ;
; Revision Name                   ; part2                                       ;
; Top-level Entity Name           ; DE1_SOC_golden_top                          ;
; Family                          ; Cyclone V                                   ;
; Device                          ; 5CSEMA5F31C6                                ;
; Timing Models                   ; Final                                       ;
; Logic utilization (in ALMs)     ; 572 / 32,070 ( 2 % )                        ;
; Total registers                 ; 842                                         ;
; Total pins                      ; 241 / 457 ( 53 % )                          ;
; Total virtual pins              ; 0                                           ;
; Total block memory bits         ; 43,008 / 4,065,280 ( 1 % )                  ;
; Total DSP Blocks                ; 0 / 87 ( 0 % )                              ;
; Total HSSI RX PCSs              ; 0                                           ;
; Total HSSI PMA RX Deserializers ; 0                                           ;
; Total HSSI TX PCSs              ; 0                                           ;
; Total HSSI PMA TX Serializers   ; 0                                           ;
; Total PLLs                      ; 0 / 6 ( 0 % )                               ;
; Total DLLs                      ; 0 / 4 ( 0 % )                               ;
+---------------------------------+---------------------------------------------+


+-----------------------------------------+
; Flow Settings                           ;
+-------------------+---------------------+
; Option            ; Setting             ;
+-------------------+---------------------+
; Start date & time ; 11/22/2020 00:42:54 ;
; Main task         ; Compilation         ;
; Revision Name     ; part2               ;
+-------------------+---------------------+


+-----------------------------------------------------------------------------------------------------------------------------------------------------------+
; Flow Non-Default Global Settings                                                                                                                          ;
+-------------------------------------+-------------------------------------------------------------------+---------------+--------------------+------------+
; Assignment Name                     ; Value                                                             ; Default Value ; Entity Name        ; Section Id ;
+-------------------------------------+-------------------------------------------------------------------+---------------+--------------------+------------+
; COMPILER_SIGNATURE_ID               ; 31573052425134.160599497302948                                    ; --            ; --                 ; --         ;
; MAX_CORE_JUNCTION_TEMP              ; 85                                                                ; --            ; --                 ; --         ;
; MIN_CORE_JUNCTION_TEMP              ; 0                                                                 ; --            ; --                 ; --         ;
; MISC_FILE                           ; embedded_system/synthesis/../embedded_system.cmp                  ; --            ; --                 ; --         ;
; MISC_FILE                           ; embedded_system/synthesis/../../embedded_system.qsys              ; --            ; --                 ; --         ;
; PARTITION_COLOR                     ; -- (Not supported for targeted family)                            ; --            ; DE1_SOC_golden_top ; Top        ;
; PARTITION_FITTER_PRESERVATION_LEVEL ; -- (Not supported for targeted family)                            ; --            ; DE1_SOC_golden_top ; Top        ;
; PARTITION_NETLIST_TYPE              ; -- (Not supported for targeted family)                            ; --            ; DE1_SOC_golden_top ; Top        ;
; POWER_BOARD_THERMAL_MODEL           ; None (CONSERVATIVE)                                               ; --            ; --                 ; --         ;
; POWER_PRESET_COOLING_SOLUTION       ; 23 MM HEAT SINK WITH 200 LFPM AIRFLOW                             ; --            ; --                 ; --         ;
; SLD_FILE                            ; embedded_system/synthesis/embedded_system.debuginfo               ; --            ; --                 ; --         ;
; SLD_INFO                            ; QSYS_NAME embedded_system HAS_SOPCINFO 1 GENERATION_ID 1605993600 ; --            ; embedded_system    ; --         ;
; SOPCINFO_FILE                       ; embedded_system/synthesis/../../embedded_system.sopcinfo          ; --            ; --                 ; --         ;
; SYNTHESIS_ONLY_QIP                  ; On                                                                ; --            ; --                 ; --         ;
; TOP_LEVEL_ENTITY                    ; DE1_SOC_golden_top                                                ; part2         ; --                 ; --         ;
+-------------------------------------+-------------------------------------------------------------------+---------------+--------------------+------------+


+-------------------------------------------------------------------------------------------------------------------------------+
; Flow Elapsed Time                                                                                                             ;
+---------------------------+--------------+-------------------------+---------------------+------------------------------------+
; Module Name               ; Elapsed Time ; Average Processors Used ; Peak Virtual Memory ; Total CPU Time (on all processors) ;
+---------------------------+--------------+-------------------------+---------------------+------------------------------------+
; Analysis & Synthesis      ; 00:01:08     ; 1.0                     ; 4931 MB             ; 00:01:54                           ;
; Fitter                    ; 00:03:26     ; 1.0                     ; 6275 MB             ; 00:05:24                           ;
; Assembler                 ; 00:00:18     ; 1.0                     ; 4845 MB             ; 00:00:17                           ;
; TimeQuest Timing Analyzer ; 00:00:28     ; 1.2                     ; 5165 MB             ; 00:00:30                           ;
; Total                     ; 00:05:20     ; --                      ; --                  ; 00:08:05                           ;
+---------------------------+--------------+-------------------------+---------------------+------------------------------------+


+-----------------------------------------------------------------------------------------+
; Flow OS Summary                                                                         ;
+---------------------------+------------------+------------+------------+----------------+
; Module Name               ; Machine Hostname ; OS Name    ; OS Version ; Processor type ;
+---------------------------+------------------+------------+------------+----------------+
; Analysis & Synthesis      ; DESKTOP-R29N18L  ; Windows 10 ; 10.0       ; x86_64         ;
; Fitter                    ; DESKTOP-R29N18L  ; Windows 10 ; 10.0       ; x86_64         ;
; Assembler                 ; DESKTOP-R29N18L  ; Windows 10 ; 10.0       ; x86_64         ;
; TimeQuest Timing Analyzer ; DESKTOP-R29N18L  ; Windows 10 ; 10.0       ; x86_64         ;
+---------------------------+------------------+------------+------------+----------------+


------------
; Flow Log ;
------------
quartus_map --read_settings_files=on --write_settings_files=off part2 -c part2
quartus_fit --read_settings_files=off --write_settings_files=off part2 -c part2
quartus_asm --read_settings_files=off --write_settings_files=off part2 -c part2
quartus_sta part2 -c part2



